<?xml version="1.0" encoding="UTF-8"?>
<testng-results ignored="0" total="4" passed="2" failed="2" skipped="0">
  <reporter-output>
  </reporter-output>
  <suite started-at="2025-04-17T09:19:52 CEST" name="Command line suite" finished-at="2025-04-17T09:20:29 CEST" duration-ms="37390">
    <groups>
      <group name="kat1">
        <method signature="FirstTest.firstTestA()[pri:1, instance:test.FirstTest@402e37bc]" name="firstTestA" class="test.FirstTest"/>
      </group> <!-- kat1 -->
      <group name="kat2">
        <method signature="FirstTest.firstTestA()[pri:1, instance:test.FirstTest@402e37bc]" name="firstTestA" class="test.FirstTest"/>
        <method signature="SecondTest.secondTestA()[pri:1, instance:test.SecondTest@60704c]" name="secondTestA" class="test.SecondTest"/>
        <method signature="SecondTest.secondTestB()[pri:1, instance:test.SecondTest@60704c]" name="secondTestB" class="test.SecondTest"/>
      </group> <!-- kat2 -->
      <group name="kat3">
        <method signature="FirstTest.firstTestB()[pri:1, instance:test.FirstTest@402e37bc]" name="firstTestB" class="test.FirstTest"/>
        <method signature="SecondTest.secondTestA()[pri:1, instance:test.SecondTest@60704c]" name="secondTestA" class="test.SecondTest"/>
      </group> <!-- kat3 -->
    </groups>
    <test started-at="2025-04-17T09:19:52 CEST" name="Command line test" finished-at="2025-04-17T09:20:29 CEST" duration-ms="37390">
      <class name="test.SecondTest">
        <test-method is-config="true" signature="openBrowser(org.testng.ITestContext,java.lang.reflect.Method)[pri:0, instance:test.SecondTest@60704c]" started-at="2025-04-17T09:20:12 CEST" name="openBrowser" finished-at="2025-04-17T09:20:18 CEST" duration-ms="5338" status="PASS">
          <params>
            <param index="0">
              <value>
                <![CDATA[org.testng.TestRunner@8d8f754]]>
              </value>
            </param>
            <param index="1">
              <value>
                <![CDATA[public void test.SecondTest.secondTestA()]]>
              </value>
            </param>
          </params>
          <reporter-output>
          </reporter-output>
        </test-method> <!-- openBrowser -->
        <test-method signature="secondTestA()[pri:1, instance:test.SecondTest@60704c]" started-at="2025-04-17T09:20:18 CEST" name="secondTestA" description="Test - validation for blocked user" finished-at="2025-04-17T09:20:18 CEST" duration-ms="876" status="PASS">
          <reporter-output>
          </reporter-output>
        </test-method> <!-- secondTestA -->
        <test-method is-config="true" signature="checkTestStatus(org.testng.ITestResult)[pri:0, instance:test.SecondTest@60704c]" started-at="2025-04-17T09:20:18 CEST" name="checkTestStatus" finished-at="2025-04-17T09:20:18 CEST" duration-ms="1" status="PASS">
          <params>
            <param index="0">
              <value>
                <![CDATA[[TestResult name=secondTestA status=SUCCESS method=SecondTest.secondTestA()[pri:1, instance:test.SecondTest@60704c] output={null}]]]>
              </value>
            </param>
          </params>
          <reporter-output>
          </reporter-output>
        </test-method> <!-- checkTestStatus -->
        <test-method is-config="true" signature="quitBrowser()[pri:0, instance:test.SecondTest@60704c]" started-at="2025-04-17T09:20:18 CEST" name="quitBrowser" finished-at="2025-04-17T09:20:20 CEST" duration-ms="1398" status="PASS">
          <reporter-output>
          </reporter-output>
        </test-method> <!-- quitBrowser -->
        <test-method is-config="true" signature="openBrowser(org.testng.ITestContext,java.lang.reflect.Method)[pri:0, instance:test.SecondTest@60704c]" started-at="2025-04-17T09:20:20 CEST" name="openBrowser" finished-at="2025-04-17T09:20:26 CEST" duration-ms="5617" status="PASS">
          <params>
            <param index="0">
              <value>
                <![CDATA[org.testng.TestRunner@8d8f754]]>
              </value>
            </param>
            <param index="1">
              <value>
                <![CDATA[public void test.SecondTest.secondTestB()]]>
              </value>
            </param>
          </params>
          <reporter-output>
          </reporter-output>
        </test-method> <!-- openBrowser -->
        <test-method signature="secondTestB()[pri:1, instance:test.SecondTest@60704c]" started-at="2025-04-17T09:20:26 CEST" name="secondTestB" description="Test failed - no such element" finished-at="2025-04-17T09:20:26 CEST" duration-ms="25" status="FAIL">
          <exception class="org.openqa.selenium.NoSuchElementException">
            <message>
              <![CDATA[Unable to locate element: #error
For documentation on this error, please visit: https://www.selenium.dev/documentation/webdriver/troubleshooting/errors#no-such-element-exception
Build info: version: '4.31.0', revision: '1ef9f18787*'
System info: os.name: 'Windows 10', os.arch: 'amd64', os.version: '10.0', java.version: '21.0.6'
Driver info: org.openqa.selenium.firefox.FirefoxDriver
Command: [687b46df-8d63-45ea-9e03-73e54d8ffd9a, findElement {using=id, value=error}]
Capabilities {acceptInsecureCerts: true, browserName: firefox, browserVersion: 94.0.2, moz:accessibilityChecks: false, moz:buildID: 20211119140621, moz:geckodriverVersion: 0.31.0, moz:headless: false, moz:processID: 10272, moz:profile: C:\Users\zbigniew.gornowicz..., moz:shutdownTimeout: 60000, moz:useNonSpecCompliantPointerOrigin: false, moz:webdriverClick: true, pageLoadStrategy: normal, platformName: windows, platformVersion: 10.0, proxy: Proxy(), setWindowRect: true, strictFileInteractability: false, timeouts: {implicit: 0, pageLoad: 300000, script: 30000}, unhandledPromptBehavior: dismiss and notify}
Session ID: 687b46df-8d63-45ea-9e03-73e54d8ffd9a]]>
            </message>
            <full-stacktrace>
              <![CDATA[org.openqa.selenium.NoSuchElementException: Unable to locate element: #error
For documentation on this error, please visit: https://www.selenium.dev/documentation/webdriver/troubleshooting/errors#no-such-element-exception
Build info: version: '4.31.0', revision: '1ef9f18787*'
System info: os.name: 'Windows 10', os.arch: 'amd64', os.version: '10.0', java.version: '21.0.6'
Driver info: org.openqa.selenium.firefox.FirefoxDriver
Command: [687b46df-8d63-45ea-9e03-73e54d8ffd9a, findElement {using=id, value=error}]
Capabilities {acceptInsecureCerts: true, browserName: firefox, browserVersion: 94.0.2, moz:accessibilityChecks: false, moz:buildID: 20211119140621, moz:geckodriverVersion: 0.31.0, moz:headless: false, moz:processID: 10272, moz:profile: C:\Users\zbigniew.gornowicz..., moz:shutdownTimeout: 60000, moz:useNonSpecCompliantPointerOrigin: false, moz:webdriverClick: true, pageLoadStrategy: normal, platformName: windows, platformVersion: 10.0, proxy: Proxy(), setWindowRect: true, strictFileInteractability: false, timeouts: {implicit: 0, pageLoad: 300000, script: 30000}, unhandledPromptBehavior: dismiss and notify}
Session ID: 687b46df-8d63-45ea-9e03-73e54d8ffd9a
at java.base/jdk.internal.reflect.DirectConstructorHandleAccessor.newInstance(DirectConstructorHandleAccessor.java:62)
at java.base/java.lang.reflect.Constructor.newInstanceWithCaller(Constructor.java:502)
at java.base/java.lang.reflect.Constructor.newInstance(Constructor.java:486)
at org.openqa.selenium.remote.ErrorCodec.decode(ErrorCodec.java:167)
at org.openqa.selenium.remote.codec.w3c.W3CHttpResponseCodec.decode(W3CHttpResponseCodec.java:138)
at org.openqa.selenium.remote.codec.w3c.W3CHttpResponseCodec.decode(W3CHttpResponseCodec.java:50)
at org.openqa.selenium.remote.HttpCommandExecutor.execute(HttpCommandExecutor.java:215)
at org.openqa.selenium.remote.service.DriverCommandExecutor.invokeExecute(DriverCommandExecutor.java:216)
at org.openqa.selenium.remote.service.DriverCommandExecutor.execute(DriverCommandExecutor.java:174)
at org.openqa.selenium.remote.RemoteWebDriver.execute(RemoteWebDriver.java:545)
at org.openqa.selenium.remote.ElementLocation$ElementFinder$2.findElement(ElementLocation.java:165)
at org.openqa.selenium.remote.ElementLocation.findElement(ElementLocation.java:66)
at org.openqa.selenium.remote.RemoteWebDriver.findElement(RemoteWebDriver.java:368)
at org.openqa.selenium.remote.RemoteWebDriver.findElement(RemoteWebDriver.java:362)
at org.openqa.selenium.support.pagefactory.DefaultElementLocator.findElement(DefaultElementLocator.java:68)
at org.openqa.selenium.support.pagefactory.internal.LocatingElementHandler.invoke(LocatingElementHandler.java:38)
at jdk.proxy2/jdk.proxy2.$Proxy13.click(Unknown Source)
at pages.LoginPage.error(LoginPage.java:57)
at test.SecondTest.secondTestB(SecondTest.java:23)
at java.base/jdk.internal.reflect.DirectMethodHandleAccessor.invoke(DirectMethodHandleAccessor.java:103)
at java.base/java.lang.reflect.Method.invoke(Method.java:580)
at org.testng.internal.invokers.MethodInvocationHelper.invokeMethod(MethodInvocationHelper.java:141)
at org.testng.internal.invokers.TestInvoker.invokeMethod(TestInvoker.java:687)
at org.testng.internal.invokers.TestInvoker.invokeTestMethod(TestInvoker.java:230)
at org.testng.internal.invokers.MethodRunner.runInSequence(MethodRunner.java:63)
at org.testng.internal.invokers.TestInvoker$MethodInvocationAgent.invoke(TestInvoker.java:995)
at org.testng.internal.invokers.TestInvoker.invokeTestMethods(TestInvoker.java:203)
at org.testng.internal.invokers.TestMethodWorker.invokeTestMethods(TestMethodWorker.java:154)
at org.testng.internal.invokers.TestMethodWorker.run(TestMethodWorker.java:134)
at java.base/java.util.ArrayList.forEach(ArrayList.java:1596)
at org.testng.TestRunner.privateRun(TestRunner.java:741)
at org.testng.TestRunner.run(TestRunner.java:616)
at org.testng.SuiteRunner.runTest(SuiteRunner.java:421)
at org.testng.SuiteRunner.runSequentially(SuiteRunner.java:413)
at org.testng.SuiteRunner.privateRun(SuiteRunner.java:373)
at org.testng.SuiteRunner.run(SuiteRunner.java:312)
at org.testng.SuiteRunnerWorker.runSuite(SuiteRunnerWorker.java:52)
at org.testng.SuiteRunnerWorker.run(SuiteRunnerWorker.java:95)
at org.testng.TestNG.runSuitesSequentially(TestNG.java:1274)
at org.testng.TestNG.runSuitesLocally(TestNG.java:1208)
at org.testng.TestNG.runSuites(TestNG.java:1112)
at org.testng.TestNG.run(TestNG.java:1079)
at org.apache.maven.surefire.testng.TestNGExecutor.run(TestNGExecutor.java:77)
at org.apache.maven.surefire.testng.TestNGDirectoryTestSuite.executeMulti(TestNGDirectoryTestSuite.java:159)
at org.apache.maven.surefire.testng.TestNGDirectoryTestSuite.execute(TestNGDirectoryTestSuite.java:99)
at org.apache.maven.surefire.testng.TestNGProvider.invoke(TestNGProvider.java:106)
at java.base/jdk.internal.reflect.DirectMethodHandleAccessor.invoke(DirectMethodHandleAccessor.java:103)
at java.base/java.lang.reflect.Method.invoke(Method.java:580)
at org.apache.maven.surefire.util.ReflectionUtils.invokeMethodWithArray(ReflectionUtils.java:189)
at org.apache.maven.surefire.booter.ProviderFactory$ProviderProxy.invoke(ProviderFactory.java:165)
at org.apache.maven.surefire.booter.ProviderFactory.invokeProvider(ProviderFactory.java:85)
at org.apache.maven.surefire.booter.ForkedBooter.runSuitesInProcess(ForkedBooter.java:115)
at org.apache.maven.surefire.booter.ForkedBooter.main(ForkedBooter.java:75)
]]>
            </full-stacktrace>
          </exception> <!-- org.openqa.selenium.NoSuchElementException -->
          <reporter-output>
          </reporter-output>
        </test-method> <!-- secondTestB -->
        <test-method is-config="true" signature="checkTestStatus(org.testng.ITestResult)[pri:0, instance:test.SecondTest@60704c]" started-at="2025-04-17T09:20:26 CEST" name="checkTestStatus" finished-at="2025-04-17T09:20:26 CEST" duration-ms="786" status="PASS">
          <params>
            <param index="0">
              <value>
                <![CDATA[[TestResult name=secondTestB status=FAILURE method=SecondTest.secondTestB()[pri:1, instance:test.SecondTest@60704c] output={null}]]]>
              </value>
            </param>
          </params>
          <reporter-output>
          </reporter-output>
        </test-method> <!-- checkTestStatus -->
        <test-method is-config="true" signature="quitBrowser()[pri:0, instance:test.SecondTest@60704c]" started-at="2025-04-17T09:20:26 CEST" name="quitBrowser" finished-at="2025-04-17T09:20:29 CEST" duration-ms="2747" status="PASS">
          <reporter-output>
          </reporter-output>
        </test-method> <!-- quitBrowser -->
      </class> <!-- test.SecondTest -->
      <class name="test.FirstTest">
        <test-method is-config="true" signature="initializeExtentReport()[pri:0, instance:test.FirstTest@402e37bc]" started-at="2025-04-17T09:19:51 CEST" name="initializeExtentReport" finished-at="2025-04-17T09:19:52 CEST" duration-ms="529" status="PASS">
          <reporter-output>
          </reporter-output>
        </test-method> <!-- initializeExtentReport -->
        <test-method is-config="true" signature="openBrowser(org.testng.ITestContext,java.lang.reflect.Method)[pri:0, instance:test.FirstTest@402e37bc]" started-at="2025-04-17T09:19:52 CEST" name="openBrowser" finished-at="2025-04-17T09:20:00 CEST" duration-ms="8466" status="PASS">
          <params>
            <param index="0">
              <value>
                <![CDATA[org.testng.TestRunner@8d8f754]]>
              </value>
            </param>
            <param index="1">
              <value>
                <![CDATA[public void test.FirstTest.firstTestA()]]>
              </value>
            </param>
          </params>
          <reporter-output>
          </reporter-output>
        </test-method> <!-- openBrowser -->
        <test-method signature="firstTestA()[pri:1, instance:test.FirstTest@402e37bc]" started-at="2025-04-17T09:20:00 CEST" name="firstTestA" description="Test - Correct login" finished-at="2025-04-17T09:20:01 CEST" duration-ms="794" status="FAIL">
          <exception class="org.openqa.selenium.NoSuchElementException">
            <message>
              <![CDATA[Unable to locate element: #react\-burger\-menu\-btn
For documentation on this error, please visit: https://www.selenium.dev/documentation/webdriver/troubleshooting/errors#no-such-element-exception
Build info: version: '4.31.0', revision: '1ef9f18787*'
System info: os.name: 'Windows 10', os.arch: 'amd64', os.version: '10.0', java.version: '21.0.6'
Driver info: org.openqa.selenium.firefox.FirefoxDriver
Command: [4305cb4e-0cea-49ae-978f-ed68150c8709, findElement {using=id, value=react-burger-menu-btn}]
Capabilities {acceptInsecureCerts: true, browserName: firefox, browserVersion: 94.0.2, moz:accessibilityChecks: false, moz:buildID: 20211119140621, moz:geckodriverVersion: 0.31.0, moz:headless: false, moz:processID: 7692, moz:profile: C:\Users\zbigniew.gornowicz..., moz:shutdownTimeout: 60000, moz:useNonSpecCompliantPointerOrigin: false, moz:webdriverClick: true, pageLoadStrategy: normal, platformName: windows, platformVersion: 10.0, proxy: Proxy(), setWindowRect: true, strictFileInteractability: false, timeouts: {implicit: 0, pageLoad: 300000, script: 30000}, unhandledPromptBehavior: dismiss and notify}
Session ID: 4305cb4e-0cea-49ae-978f-ed68150c8709]]>
            </message>
            <full-stacktrace>
              <![CDATA[org.openqa.selenium.NoSuchElementException: Unable to locate element: #react\-burger\-menu\-btn
For documentation on this error, please visit: https://www.selenium.dev/documentation/webdriver/troubleshooting/errors#no-such-element-exception
Build info: version: '4.31.0', revision: '1ef9f18787*'
System info: os.name: 'Windows 10', os.arch: 'amd64', os.version: '10.0', java.version: '21.0.6'
Driver info: org.openqa.selenium.firefox.FirefoxDriver
Command: [4305cb4e-0cea-49ae-978f-ed68150c8709, findElement {using=id, value=react-burger-menu-btn}]
Capabilities {acceptInsecureCerts: true, browserName: firefox, browserVersion: 94.0.2, moz:accessibilityChecks: false, moz:buildID: 20211119140621, moz:geckodriverVersion: 0.31.0, moz:headless: false, moz:processID: 7692, moz:profile: C:\Users\zbigniew.gornowicz..., moz:shutdownTimeout: 60000, moz:useNonSpecCompliantPointerOrigin: false, moz:webdriverClick: true, pageLoadStrategy: normal, platformName: windows, platformVersion: 10.0, proxy: Proxy(), setWindowRect: true, strictFileInteractability: false, timeouts: {implicit: 0, pageLoad: 300000, script: 30000}, unhandledPromptBehavior: dismiss and notify}
Session ID: 4305cb4e-0cea-49ae-978f-ed68150c8709
at java.base/jdk.internal.reflect.DirectConstructorHandleAccessor.newInstance(DirectConstructorHandleAccessor.java:62)
at java.base/java.lang.reflect.Constructor.newInstanceWithCaller(Constructor.java:502)
at java.base/java.lang.reflect.Constructor.newInstance(Constructor.java:486)
at org.openqa.selenium.remote.ErrorCodec.decode(ErrorCodec.java:167)
at org.openqa.selenium.remote.codec.w3c.W3CHttpResponseCodec.decode(W3CHttpResponseCodec.java:138)
at org.openqa.selenium.remote.codec.w3c.W3CHttpResponseCodec.decode(W3CHttpResponseCodec.java:50)
at org.openqa.selenium.remote.HttpCommandExecutor.execute(HttpCommandExecutor.java:215)
at org.openqa.selenium.remote.service.DriverCommandExecutor.invokeExecute(DriverCommandExecutor.java:216)
at org.openqa.selenium.remote.service.DriverCommandExecutor.execute(DriverCommandExecutor.java:174)
at org.openqa.selenium.remote.RemoteWebDriver.execute(RemoteWebDriver.java:545)
at org.openqa.selenium.remote.ElementLocation$ElementFinder$2.findElement(ElementLocation.java:165)
at org.openqa.selenium.remote.ElementLocation.findElement(ElementLocation.java:59)
at org.openqa.selenium.remote.RemoteWebDriver.findElement(RemoteWebDriver.java:368)
at org.openqa.selenium.remote.RemoteWebDriver.findElement(RemoteWebDriver.java:362)
at org.openqa.selenium.support.pagefactory.DefaultElementLocator.findElement(DefaultElementLocator.java:68)
at org.openqa.selenium.support.pagefactory.internal.LocatingElementHandler.invoke(LocatingElementHandler.java:38)
at jdk.proxy2/jdk.proxy2.$Proxy13.isDisplayed(Unknown Source)
at pages.MainPage.checkAfterCorrectLogin(MainPage.java:22)
at test.FirstTest.firstTestA(FirstTest.java:19)
at java.base/jdk.internal.reflect.DirectMethodHandleAccessor.invoke(DirectMethodHandleAccessor.java:103)
at java.base/java.lang.reflect.Method.invoke(Method.java:580)
at org.testng.internal.invokers.MethodInvocationHelper.invokeMethod(MethodInvocationHelper.java:141)
at org.testng.internal.invokers.TestInvoker.invokeMethod(TestInvoker.java:687)
at org.testng.internal.invokers.TestInvoker.invokeTestMethod(TestInvoker.java:230)
at org.testng.internal.invokers.MethodRunner.runInSequence(MethodRunner.java:63)
at org.testng.internal.invokers.TestInvoker$MethodInvocationAgent.invoke(TestInvoker.java:995)
at org.testng.internal.invokers.TestInvoker.invokeTestMethods(TestInvoker.java:203)
at org.testng.internal.invokers.TestMethodWorker.invokeTestMethods(TestMethodWorker.java:154)
at org.testng.internal.invokers.TestMethodWorker.run(TestMethodWorker.java:134)
at java.base/java.util.ArrayList.forEach(ArrayList.java:1596)
at org.testng.TestRunner.privateRun(TestRunner.java:741)
at org.testng.TestRunner.run(TestRunner.java:616)
at org.testng.SuiteRunner.runTest(SuiteRunner.java:421)
at org.testng.SuiteRunner.runSequentially(SuiteRunner.java:413)
at org.testng.SuiteRunner.privateRun(SuiteRunner.java:373)
at org.testng.SuiteRunner.run(SuiteRunner.java:312)
at org.testng.SuiteRunnerWorker.runSuite(SuiteRunnerWorker.java:52)
at org.testng.SuiteRunnerWorker.run(SuiteRunnerWorker.java:95)
at org.testng.TestNG.runSuitesSequentially(TestNG.java:1274)
at org.testng.TestNG.runSuitesLocally(TestNG.java:1208)
at org.testng.TestNG.runSuites(TestNG.java:1112)
at org.testng.TestNG.run(TestNG.java:1079)
at org.apache.maven.surefire.testng.TestNGExecutor.run(TestNGExecutor.java:77)
at org.apache.maven.surefire.testng.TestNGDirectoryTestSuite.executeMulti(TestNGDirectoryTestSuite.java:159)
at org.apache.maven.surefire.testng.TestNGDirectoryTestSuite.execute(TestNGDirectoryTestSuite.java:99)
at org.apache.maven.surefire.testng.TestNGProvider.invoke(TestNGProvider.java:106)
at java.base/jdk.internal.reflect.DirectMethodHandleAccessor.invoke(DirectMethodHandleAccessor.java:103)
at java.base/java.lang.reflect.Method.invoke(Method.java:580)
at org.apache.maven.surefire.util.ReflectionUtils.invokeMethodWithArray(ReflectionUtils.java:189)
at org.apache.maven.surefire.booter.ProviderFactory$ProviderProxy.invoke(ProviderFactory.java:165)
at org.apache.maven.surefire.booter.ProviderFactory.invokeProvider(ProviderFactory.java:85)
at org.apache.maven.surefire.booter.ForkedBooter.runSuitesInProcess(ForkedBooter.java:115)
at org.apache.maven.surefire.booter.ForkedBooter.main(ForkedBooter.java:75)
]]>
            </full-stacktrace>
          </exception> <!-- org.openqa.selenium.NoSuchElementException -->
          <reporter-output>
          </reporter-output>
        </test-method> <!-- firstTestA -->
        <test-method is-config="true" signature="checkTestStatus(org.testng.ITestResult)[pri:0, instance:test.FirstTest@402e37bc]" started-at="2025-04-17T09:20:01 CEST" name="checkTestStatus" finished-at="2025-04-17T09:20:02 CEST" duration-ms="496" status="PASS">
          <params>
            <param index="0">
              <value>
                <![CDATA[[TestResult name=firstTestA status=FAILURE method=FirstTest.firstTestA()[pri:1, instance:test.FirstTest@402e37bc] output={null}]]]>
              </value>
            </param>
          </params>
          <reporter-output>
          </reporter-output>
        </test-method> <!-- checkTestStatus -->
        <test-method is-config="true" signature="quitBrowser()[pri:0, instance:test.FirstTest@402e37bc]" started-at="2025-04-17T09:20:02 CEST" name="quitBrowser" finished-at="2025-04-17T09:20:04 CEST" duration-ms="2472" status="PASS">
          <reporter-output>
          </reporter-output>
        </test-method> <!-- quitBrowser -->
        <test-method is-config="true" signature="openBrowser(org.testng.ITestContext,java.lang.reflect.Method)[pri:0, instance:test.FirstTest@402e37bc]" started-at="2025-04-17T09:20:04 CEST" name="openBrowser" finished-at="2025-04-17T09:20:10 CEST" duration-ms="5753" status="PASS">
          <params>
            <param index="0">
              <value>
                <![CDATA[org.testng.TestRunner@8d8f754]]>
              </value>
            </param>
            <param index="1">
              <value>
                <![CDATA[public void test.FirstTest.firstTestB()]]>
              </value>
            </param>
          </params>
          <reporter-output>
          </reporter-output>
        </test-method> <!-- openBrowser -->
        <test-method signature="firstTestB()[pri:1, instance:test.FirstTest@402e37bc]" started-at="2025-04-17T09:20:10 CEST" name="firstTestB" description="Test - Validation for wrong user and password" finished-at="2025-04-17T09:20:11 CEST" duration-ms="801" status="PASS">
          <reporter-output>
          </reporter-output>
        </test-method> <!-- firstTestB -->
        <test-method is-config="true" signature="checkTestStatus(org.testng.ITestResult)[pri:0, instance:test.FirstTest@402e37bc]" started-at="2025-04-17T09:20:11 CEST" name="checkTestStatus" finished-at="2025-04-17T09:20:11 CEST" duration-ms="2" status="PASS">
          <params>
            <param index="0">
              <value>
                <![CDATA[[TestResult name=firstTestB status=SUCCESS method=FirstTest.firstTestB()[pri:1, instance:test.FirstTest@402e37bc] output={null}]]]>
              </value>
            </param>
          </params>
          <reporter-output>
          </reporter-output>
        </test-method> <!-- checkTestStatus -->
        <test-method is-config="true" signature="quitBrowser()[pri:0, instance:test.FirstTest@402e37bc]" started-at="2025-04-17T09:20:11 CEST" name="quitBrowser" finished-at="2025-04-17T09:20:12 CEST" duration-ms="1727" status="PASS">
          <reporter-output>
          </reporter-output>
        </test-method> <!-- quitBrowser -->
        <test-method is-config="true" signature="generateExtentReport()[pri:0, instance:test.FirstTest@402e37bc]" started-at="2025-04-17T09:20:29 CEST" name="generateExtentReport" finished-at="2025-04-17T09:20:32 CEST" duration-ms="2949" status="PASS">
          <reporter-output>
          </reporter-output>
        </test-method> <!-- generateExtentReport -->
      </class> <!-- test.FirstTest -->
    </test> <!-- Command line test -->
  </suite> <!-- Command line suite -->
</testng-results>
